
---------- DEMARRAGE DU SERVEUR 31/08/2020 21:14:05 ----------

---------- DEMARRAGE DU SERVEUR 31/08/2020 21:15:48 ----------

---------- DEMARRAGE DU SERVEUR 31/08/2020 21:15:55 ----------

---------- DEMARRAGE DU SERVEUR 31/08/2020 21:22:33 ----------

---------- DEMARRAGE DU SERVEUR 31/08/2020 21:24:53 ----------

---------- DEMARRAGE DU SERVEUR 03/09/2020 15:22:45 ----------

---------- DEMARRAGE DU SERVEUR 03/09/2020 15:37:57 ----------

---------- DEMARRAGE DU SERVEUR 03/09/2020 15:38:06 ----------

---------- DEMARRAGE DU SERVEUR 03/09/2020 15:38:11 ----------

---------- DEMARRAGE DU SERVEUR 03/09/2020 15:38:38 ----------

---------- DEMARRAGE DU SERVEUR 03/09/2020 15:38:47 ----------

---------- DEMARRAGE DU SERVEUR 03/09/2020 15:39:43 ----------
[loginUser] ERR_NOT_FOUND_DATA : password

---------- DEMARRAGE DU SERVEUR 03/09/2020 15:40:47 ----------
[loginUser] ERR_NOT_FOUND_DATA : password
[loginUser] ERR_NOT_FOUND_DATA : email

---------- DEMARRAGE DU SERVEUR 03/09/2020 15:41:54 ----------

---------- DEMARRAGE DU SERVEUR 03/09/2020 15:42:02 ----------
03/09/2020 15:42:05 [loginUser] ERR_NOT_FOUND_DATA : email
03/09/2020 15:42:09 [loginUser] ERR_NOT_FOUND_DATA : password
03/09/2020 15:42:49 [undefined] Connected user with uuid : 4a8a35a1-735a-4597-8a4d-413afb8e8de9 and expire date : 1599154969397
03/09/2020 15:42:49 [isConnected] Connected user with uuid : 4a8a35a1-735a-4597-8a4d-413afb8e8de9

---------- DEMARRAGE DU SERVEUR 03/09/2020 15:43:40 ----------
03/09/2020 15:43:49 [loginUser] ERR_NOT_FOUND_DATA : password
03/09/2020 15:43:53 [GENERAL INFO] Connected user with uuid : 4e552153-6a3b-40af-9981-c2ae33505601 and expire date : 1599155033263
03/09/2020 15:43:53 [isConnected] Connected user with uuid : 4e552153-6a3b-40af-9981-c2ae33505601
03/09/2020 15:44:45 [isConnected] Connected user with uuid : 4e552153-6a3b-40af-9981-c2ae33505601
03/09/2020 15:44:45 [userInfo] userInfo : id=11 email=root@loicyeu.fr
03/09/2020 15:45:15 [changeInfo] Mise a jour profil with id=11
03/09/2020 15:45:15 [userInfo] userInfo : id=11 email=root@loicyeu.fr
03/09/2020 15:45:30 [isConnected] Connected user with uuid : 4e552153-6a3b-40af-9981-c2ae33505601
03/09/2020 15:45:38 [isConnected] Connected user with uuid : 4e552153-6a3b-40af-9981-c2ae33505601
03/09/2020 15:45:38 [userInfo] userInfo : id=11 email=root@loicyeu.fr

---------- DEMARRAGE DU SERVEUR 03/09/2020 15:47:48 ----------

---------- DEMARRAGE DU SERVEUR 03/09/2020 15:47:57 ----------

---------- DEMARRAGE DU SERVEUR 03/09/2020 15:48:00 ----------

---------- DEMARRAGE DU SERVEUR 03/09/2020 15:50:34 ----------

---------- DEMARRAGE DU SERVEUR 03/09/2020 15:50:39 ----------

---------- DEMARRAGE DU SERVEUR 03/09/2020 15:52:05 ----------

---------- DEMARRAGE DU SERVEUR 03/09/2020 15:52:35 ----------

---------- DEMARRAGE DU SERVEUR 03/09/2020 15:53:22 ----------

---------- DEMARRAGE DU SERVEUR 03/09/2020 15:53:43 ----------

---------- DEMARRAGE DU SERVEUR 03/09/2020 15:54:35 ----------

---------- DEMARRAGE DU SERVEUR 03/09/2020 15:55:15 ----------

---------- DEMARRAGE DU SERVEUR 03/09/2020 15:56:15 ----------
03/09/2020 15:56:20 [isConnected] ERR_NO_SESSION_FOUND
03/09/2020 15:57:10 [isConnected] ERR_NO_SESSION_FOUND

---------- DEMARRAGE DU SERVEUR 03/09/2020 15:57:46 ----------
03/09/2020 15:57:51 [isConnected] ERR_NO_SESSION_FOUND

---------- DEMARRAGE DU SERVEUR 03/09/2020 15:58:41 ----------

---------- DEMARRAGE DU SERVEUR 03/09/2020 16:00:28 ----------

---------- DEMARRAGE DU SERVEUR 03/09/2020 16:00:44 ----------

---------- DEMARRAGE DU SERVEUR 03/09/2020 16:00:56 ----------
03/09/2020 16:01:02 [isConnected] ERR_NO_SESSION_FOUND
03/09/2020 16:03:34 [isConnected] ERR_NO_SESSION_FOUND
03/09/2020 16:03:39 [isConnected] ERR_NO_SESSION_FOUND

---------- DEMARRAGE DU SERVEUR 03/09/2020 16:04:00 ----------

---------- DEMARRAGE DU SERVEUR 03/09/2020 16:04:58 ----------
03/09/2020 16:07:08 [isConnected] ERR_NO_SESSION_FOUND

---------- DEMARRAGE DU SERVEUR 03/09/2020 16:08:50 ----------
03/09/2020 16:11:11 [isConnected] ERR_NO_SESSION_FOUND
03/09/2020 16:13:33 [isConnected] ERR_NO_SESSION_FOUND
03/09/2020 16:13:45 [isConnected] ERR_NO_SESSION_FOUND

---------- DEMARRAGE DU SERVEUR 03/09/2020 16:14:30 ----------
03/09/2020 16:14:43 [GENERAL INFO] Connected user with uuid : 87276d01-6ff2-4616-b4e0-7042c6a917f3 and expire date : 1599156883656

---------- DEMARRAGE DU SERVEUR 03/09/2020 16:15:28 ----------
03/09/2020 16:15:43 [GENERAL INFO] Connected user with uuid : d7b851ac-1c34-4886-bfec-9da00c065c3a and expire date : 1599156943842

---------- DEMARRAGE DU SERVEUR 03/09/2020 16:15:55 ----------
03/09/2020 16:16:07 [GENERAL INFO] Connected user with uuid : 790055a6-3ed7-4998-8ec0-fdaa807a1fc2 and expire date : 1599156967962
03/09/2020 16:16:08 [isConnected] Connected user with uuid : 790055a6-3ed7-4998-8ec0-fdaa807a1fc2
03/09/2020 16:16:15 [isConnected] Connected user with uuid : 790055a6-3ed7-4998-8ec0-fdaa807a1fc2
03/09/2020 16:16:15 [userInfo] userInfo : id=11 email=root@loicyeu.fr
03/09/2020 16:16:25 [isConnected] Connected user with uuid : 790055a6-3ed7-4998-8ec0-fdaa807a1fc2
03/09/2020 16:18:28 [isConnected] Connected user with uuid : 790055a6-3ed7-4998-8ec0-fdaa807a1fc2
03/09/2020 16:18:47 [isConnected] Connected user with uuid : 790055a6-3ed7-4998-8ec0-fdaa807a1fc2
03/09/2020 16:18:53 [isConnected] Connected user with uuid : 790055a6-3ed7-4998-8ec0-fdaa807a1fc2
03/09/2020 16:18:53 [isConnected] Connected user with uuid : 790055a6-3ed7-4998-8ec0-fdaa807a1fc2
03/09/2020 16:18:53 [isConnected] Connected user with uuid : 790055a6-3ed7-4998-8ec0-fdaa807a1fc2
03/09/2020 16:18:53 [isConnected] Connected user with uuid : 790055a6-3ed7-4998-8ec0-fdaa807a1fc2
03/09/2020 16:18:55 [isConnected] Connected user with uuid : 790055a6-3ed7-4998-8ec0-fdaa807a1fc2
03/09/2020 16:18:55 [userInfo] userInfo : id=11 email=root@loicyeu.fr
03/09/2020 16:19:05 [changeInfo] Mise a jour profil with id=11

---------- DEMARRAGE DU SERVEUR 03/09/2020 16:19:21 ----------
03/09/2020 16:19:25 [isConnected] Connected user with uuid : 790055a6-3ed7-4998-8ec0-fdaa807a1fc2
03/09/2020 16:19:25 [userInfo] userInfo : id=11 email=root@loicyeu.fr
03/09/2020 16:19:27 [changeInfo] Mise a jour profil with id=11
03/09/2020 16:19:27 [userInfo] userInfo : id=11 email=root@loicyeu.fr
03/09/2020 16:19:33 [changeInfo] Mise a jour profil with id=11
03/09/2020 16:19:33 [userInfo] userInfo : id=11 email=root@loicyeu.fr

---------- DEMARRAGE DU SERVEUR 04/09/2020 10:29:11 ----------

---------- DEMARRAGE DU SERVEUR 04/09/2020 10:29:25 ----------
04/09/2020 10:29:54 [loginUser] ERR_NOT_FOUND_DATA : email
04/09/2020 10:30:47 [loginUser] ERR_NOT_FOUND_DATA : email

---------- DEMARRAGE DU SERVEUR 04/09/2020 10:32:29 ----------

---------- DEMARRAGE DU SERVEUR 04/09/2020 10:33:45 ----------

---------- DEMARRAGE DU SERVEUR 04/09/2020 10:33:52 ----------

---------- DEMARRAGE DU SERVEUR 04/09/2020 10:35:32 ----------

---------- DEMARRAGE DU SERVEUR 04/09/2020 10:36:43 ----------

---------- DEMARRAGE DU SERVEUR 04/09/2020 10:37:22 ----------

---------- DEMARRAGE DU SERVEUR 04/09/2020 10:41:12 ----------

---------- DEMARRAGE DU SERVEUR 04/09/2020 10:45:53 ----------

---------- DEMARRAGE DU SERVEUR 04/09/2020 10:50:25 ----------

---------- DEMARRAGE DU SERVEUR 04/09/2020 10:50:44 ----------

---------- DEMARRAGE DU SERVEUR 04/09/2020 10:50:46 ----------

---------- DEMARRAGE DU SERVEUR 04/09/2020 10:52:23 ----------

---------- DEMARRAGE DU SERVEUR 04/09/2020 10:56:35 ----------

---------- DEMARRAGE DU SERVEUR 04/09/2020 10:57:25 ----------

---------- DEMARRAGE DU SERVEUR 04/09/2020 10:57:33 ----------

---------- DEMARRAGE DU SERVEUR 04/09/2020 11:07:39 ----------

---------- DEMARRAGE DU SERVEUR 04/09/2020 11:08:24 ----------

---------- DEMARRAGE DU SERVEUR 04/09/2020 11:10:05 ----------

---------- DEMARRAGE DU SERVEUR 04/09/2020 11:10:30 ----------

---------- DEMARRAGE DU SERVEUR 04/09/2020 11:11:00 ----------

---------- DEMARRAGE DU SERVEUR 04/09/2020 11:11:08 ----------

---------- DEMARRAGE DU SERVEUR 04/09/2020 11:11:13 ----------

---------- DEMARRAGE DU SERVEUR 04/09/2020 11:17:04 ----------

---------- DEMARRAGE DU SERVEUR 04/09/2020 11:17:08 ----------

---------- DEMARRAGE DU SERVEUR 04/09/2020 11:18:32 ----------

---------- DEMARRAGE DU SERVEUR 04/09/2020 11:19:13 ----------

---------- DEMARRAGE DU SERVEUR 04/09/2020 11:19:18 ----------

---------- DEMARRAGE DU SERVEUR 04/09/2020 11:19:35 ----------

---------- DEMARRAGE DU SERVEUR 04/09/2020 11:19:52 ----------

---------- DEMARRAGE DU SERVEUR 04/09/2020 11:19:57 ----------

---------- DEMARRAGE DU SERVEUR 04/09/2020 11:21:50 ----------

---------- DEMARRAGE DU SERVEUR 04/09/2020 11:22:34 ----------

---------- DEMARRAGE DU SERVEUR 04/09/2020 11:27:04 ----------

---------- DEMARRAGE DU SERVEUR 04/09/2020 11:27:51 ----------

---------- DEMARRAGE DU SERVEUR 04/09/2020 11:28:02 ----------

---------- DEMARRAGE DU SERVEUR 04/09/2020 11:30:19 ----------

---------- DEMARRAGE DU SERVEUR 04/09/2020 11:34:09 ----------

---------- DEMARRAGE DU SERVEUR 04/09/2020 11:35:22 ----------

---------- DEMARRAGE DU SERVEUR 04/09/2020 11:36:59 ----------

---------- DEMARRAGE DU SERVEUR 04/09/2020 11:37:17 ----------

---------- DEMARRAGE DU SERVEUR 04/09/2020 11:38:06 ----------

---------- DEMARRAGE DU SERVEUR 04/09/2020 11:41:30 ----------

---------- DEMARRAGE DU SERVEUR 04/09/2020 11:42:45 ----------

---------- DEMARRAGE DU SERVEUR 04/09/2020 11:42:56 ----------

---------- DEMARRAGE DU SERVEUR 04/09/2020 11:43:21 ----------

---------- DEMARRAGE DU SERVEUR 04/09/2020 11:44:35 ----------

---------- DEMARRAGE DU SERVEUR 04/09/2020 11:45:02 ----------

---------- DEMARRAGE DU SERVEUR 04/09/2020 11:45:11 ----------
04/09/2020 11:45:13 [isConnected] ERR_NO_SESSION_FOUND

---------- DEMARRAGE DU SERVEUR 04/09/2020 11:45:45 ----------

---------- DEMARRAGE DU SERVEUR 04/09/2020 11:45:54 ----------
04/09/2020 11:45:56 [isConnected] ERR_NO_SESSION_FOUND

---------- DEMARRAGE DU SERVEUR 04/09/2020 11:47:15 ----------

---------- DEMARRAGE DU SERVEUR 04/09/2020 13:18:26 ----------

---------- DEMARRAGE DU SERVEUR 04/09/2020 13:29:56 ----------
04/09/2020 13:33:03 [isConnected] ERR_NO_SESSION_FOUND

---------- DEMARRAGE DU SERVEUR 04/09/2020 13:39:20 ----------

---------- DEMARRAGE DU SERVEUR 04/09/2020 13:41:32 ----------

---------- DEMARRAGE DU SERVEUR 04/09/2020 13:41:35 ----------

---------- DEMARRAGE DU SERVEUR 04/09/2020 13:44:09 ----------

---------- DEMARRAGE DU SERVEUR 04/09/2020 13:47:59 ----------

---------- DEMARRAGE DU SERVEUR 04/09/2020 13:49:44 ----------

---------- DEMARRAGE DU SERVEUR 04/09/2020 13:52:06 ----------

---------- DEMARRAGE DU SERVEUR 04/09/2020 13:53:29 ----------

---------- DEMARRAGE DU SERVEUR 04/09/2020 13:54:08 ----------

---------- DEMARRAGE DU SERVEUR 04/09/2020 13:58:21 ----------

---------- DEMARRAGE DU SERVEUR 04/09/2020 13:59:09 ----------

---------- DEMARRAGE DU SERVEUR 04/09/2020 13:59:50 ----------

---------- DEMARRAGE DU SERVEUR 04/09/2020 14:00:26 ----------

---------- DEMARRAGE DU SERVEUR 04/09/2020 14:00:37 ----------

---------- DEMARRAGE DU SERVEUR 04/09/2020 14:00:49 ----------

---------- DEMARRAGE DU SERVEUR 04/09/2020 14:00:55 ----------

---------- DEMARRAGE DU SERVEUR 04/09/2020 14:01:11 ----------

---------- DEMARRAGE DU SERVEUR 04/09/2020 14:01:47 ----------

---------- DEMARRAGE DU SERVEUR 04/09/2020 14:02:00 ----------

---------- DEMARRAGE DU SERVEUR 04/09/2020 14:02:12 ----------

---------- DEMARRAGE DU SERVEUR 04/09/2020 14:02:46 ----------

---------- DEMARRAGE DU SERVEUR 04/09/2020 14:03:09 ----------

---------- DEMARRAGE DU SERVEUR 04/09/2020 14:03:50 ----------

---------- DEMARRAGE DU SERVEUR 04/09/2020 14:05:33 ----------

---------- DEMARRAGE DU SERVEUR 04/09/2020 14:06:56 ----------

---------- DEMARRAGE DU SERVEUR 04/09/2020 14:08:05 ----------

---------- DEMARRAGE DU SERVEUR 04/09/2020 14:09:03 ----------

---------- DEMARRAGE DU SERVEUR 04/09/2020 14:09:41 ----------

---------- DEMARRAGE DU SERVEUR 04/09/2020 14:18:00 ----------

---------- DEMARRAGE DU SERVEUR 04/09/2020 14:19:20 ----------

---------- DEMARRAGE DU SERVEUR 04/09/2020 14:19:37 ----------

---------- DEMARRAGE DU SERVEUR 04/09/2020 14:19:56 ----------

---------- DEMARRAGE DU SERVEUR 04/09/2020 14:20:07 ----------

---------- DEMARRAGE DU SERVEUR 04/09/2020 14:26:48 ----------

---------- DEMARRAGE DU SERVEUR 04/09/2020 20:04:42 ----------

---------- DEMARRAGE DU SERVEUR 04/09/2020 20:05:43 ----------

---------- DEMARRAGE DU SERVEUR 04/09/2020 20:06:05 ----------

---------- DEMARRAGE DU SERVEUR 04/09/2020 20:07:35 ----------

---------- DEMARRAGE DU SERVEUR 04/09/2020 20:07:40 ----------

---------- DEMARRAGE DU SERVEUR 04/09/2020 20:09:15 ----------

---------- DEMARRAGE DU SERVEUR 04/09/2020 20:09:38 ----------

---------- DEMARRAGE DU SERVEUR 04/09/2020 20:12:30 ----------

---------- DEMARRAGE DU SERVEUR 04/09/2020 20:14:32 ----------

---------- DEMARRAGE DU SERVEUR 04/09/2020 20:15:40 ----------

---------- DEMARRAGE DU SERVEUR 04/09/2020 20:17:30 ----------

---------- DEMARRAGE DU SERVEUR 04/09/2020 20:18:08 ----------

---------- DEMARRAGE DU SERVEUR 04/09/2020 20:19:10 ----------

---------- DEMARRAGE DU SERVEUR 04/09/2020 20:19:41 ----------

---------- DEMARRAGE DU SERVEUR 04/09/2020 20:19:47 ----------

---------- DEMARRAGE DU SERVEUR 04/09/2020 20:20:09 ----------

---------- DEMARRAGE DU SERVEUR 04/09/2020 20:20:57 ----------

---------- DEMARRAGE DU SERVEUR 04/09/2020 20:21:26 ----------

---------- DEMARRAGE DU SERVEUR 04/09/2020 20:23:54 ----------

---------- DEMARRAGE DU SERVEUR 04/09/2020 20:24:00 ----------

---------- DEMARRAGE DU SERVEUR 04/09/2020 20:24:13 ----------

---------- DEMARRAGE DU SERVEUR 04/09/2020 20:26:28 ----------

---------- DEMARRAGE DU SERVEUR 04/09/2020 20:27:45 ----------
04/09/2020 20:27:48 [loginUser] ERR_NOT_FOUND_DATA : email
04/09/2020 20:28:02 [loginUser] ERR_INVALID_DATA
04/09/2020 20:28:02 [loginUser] ERR_NOT_FOUND_DATA : email
04/09/2020 20:29:02 [loginUser] ERR_INVALID_DATA
04/09/2020 20:29:02 [loginUser] ERR_NOT_FOUND_DATA : email
04/09/2020 20:29:07 [loginUser] ERR_NOT_FOUND_DATA : email
04/09/2020 20:29:15 [loginUser] ERR_NOT_FOUND_DATA : email
04/09/2020 20:29:19 [loginUser] ERR_INVALID_DATA
04/09/2020 20:29:19 [loginUser] ERR_NOT_FOUND_DATA : email

---------- DEMARRAGE DU SERVEUR 04/09/2020 20:29:53 ----------
04/09/2020 20:30:42 [loginUser] ERR_NOT_FOUND_DATA : email
04/09/2020 20:30:44 [loginUser] ERR_INVALID_DATA

---------- DEMARRAGE DU SERVEUR 05/09/2020 09:47:12 ----------

---------- DEMARRAGE DU SERVEUR 05/09/2020 10:02:21 ----------

---------- DEMARRAGE DU SERVEUR 05/09/2020 10:02:38 ----------

---------- DEMARRAGE DU SERVEUR 05/09/2020 10:03:25 ----------

---------- DEMARRAGE DU SERVEUR 05/09/2020 10:07:48 ----------

---------- DEMARRAGE DU SERVEUR 05/09/2020 10:09:16 ----------

---------- DEMARRAGE DU SERVEUR 05/09/2020 10:09:53 ----------

---------- DEMARRAGE DU SERVEUR 05/09/2020 10:10:04 ----------

---------- DEMARRAGE DU SERVEUR 05/09/2020 10:10:14 ----------

---------- DEMARRAGE DU SERVEUR 05/09/2020 10:10:36 ----------

---------- DEMARRAGE DU SERVEUR 05/09/2020 10:11:05 ----------

---------- DEMARRAGE DU SERVEUR 05/09/2020 13:41:33 ----------
05/09/2020 13:41:48 [isConnected] ERR_NO_SESSION_FOUND

---------- DEMARRAGE DU SERVEUR 05/09/2020 13:42:31 ----------
05/09/2020 13:42:34 [isConnected] ERR_NO_SESSION_FOUND

---------- DEMARRAGE DU SERVEUR 05/09/2020 13:50:13 ----------
05/09/2020 13:50:17 [isConnected] ERR_NO_SESSION_FOUND

---------- DEMARRAGE DU SERVEUR 05/09/2020 13:51:06 ----------
05/09/2020 13:51:09 [isConnected] ERR_NO_SESSION_FOUND

---------- DEMARRAGE DU SERVEUR 05/09/2020 13:52:15 ----------

---------- DEMARRAGE DU SERVEUR 05/09/2020 13:52:18 ----------

---------- DEMARRAGE DU SERVEUR 05/09/2020 13:56:47 ----------

---------- DEMARRAGE DU SERVEUR 05/09/2020 13:57:55 ----------

---------- DEMARRAGE DU SERVEUR 05/09/2020 13:59:04 ----------

---------- DEMARRAGE DU SERVEUR 05/09/2020 13:59:43 ----------

---------- DEMARRAGE DU SERVEUR 05/09/2020 14:00:14 ----------

---------- DEMARRAGE DU SERVEUR 05/09/2020 14:00:40 ----------

---------- DEMARRAGE DU SERVEUR 05/09/2020 14:02:06 ----------

---------- DEMARRAGE DU SERVEUR 05/09/2020 14:02:31 ----------

---------- DEMARRAGE DU SERVEUR 05/09/2020 14:02:53 ----------

---------- DEMARRAGE DU SERVEUR 05/09/2020 14:03:29 ----------

---------- DEMARRAGE DU SERVEUR 05/09/2020 14:03:42 ----------

---------- DEMARRAGE DU SERVEUR 05/09/2020 14:04:17 ----------

---------- DEMARRAGE DU SERVEUR 05/09/2020 14:04:30 ----------

---------- DEMARRAGE DU SERVEUR 05/09/2020 14:07:23 ----------

---------- DEMARRAGE DU SERVEUR 05/09/2020 14:07:44 ----------

---------- DEMARRAGE DU SERVEUR 05/09/2020 14:08:04 ----------

---------- DEMARRAGE DU SERVEUR 05/09/2020 14:09:42 ----------

---------- DEMARRAGE DU SERVEUR 05/09/2020 14:13:47 ----------

---------- DEMARRAGE DU SERVEUR 05/09/2020 14:14:45 ----------

---------- DEMARRAGE DU SERVEUR 05/09/2020 14:15:07 ----------

---------- DEMARRAGE DU SERVEUR 05/09/2020 14:19:16 ----------

---------- DEMARRAGE DU SERVEUR 05/09/2020 14:21:14 ----------
05/09/2020 14:21:20 [loginUser] ERR_INVALID_DATA

---------- DEMARRAGE DU SERVEUR 05/09/2020 14:21:44 ----------

---------- DEMARRAGE DU SERVEUR 05/09/2020 14:27:27 ----------

---------- DEMARRAGE DU SERVEUR 05/09/2020 14:28:23 ----------

---------- DEMARRAGE DU SERVEUR 05/09/2020 14:29:58 ----------

---------- DEMARRAGE DU SERVEUR 05/09/2020 14:35:54 ----------

---------- DEMARRAGE DU SERVEUR 05/09/2020 14:39:42 ----------

---------- DEMARRAGE DU SERVEUR 05/09/2020 14:40:12 ----------

---------- DEMARRAGE DU SERVEUR 05/09/2020 14:40:14 ----------

---------- DEMARRAGE DU SERVEUR 05/09/2020 14:42:09 ----------

---------- DEMARRAGE DU SERVEUR 05/09/2020 14:42:33 ----------

---------- DEMARRAGE DU SERVEUR 05/09/2020 14:42:36 ----------

---------- DEMARRAGE DU SERVEUR 05/09/2020 14:42:43 ----------

---------- DEMARRAGE DU SERVEUR 05/09/2020 14:44:19 ----------

---------- DEMARRAGE DU SERVEUR 05/09/2020 14:44:21 ----------

---------- DEMARRAGE DU SERVEUR 05/09/2020 14:44:48 ----------

---------- DEMARRAGE DU SERVEUR 05/09/2020 14:46:52 ----------

---------- DEMARRAGE DU SERVEUR 05/09/2020 14:46:56 ----------

---------- DEMARRAGE DU SERVEUR 05/09/2020 14:47:17 ----------

---------- DEMARRAGE DU SERVEUR 05/09/2020 14:47:48 ----------

---------- DEMARRAGE DU SERVEUR 05/09/2020 14:48:58 ----------

---------- DEMARRAGE DU SERVEUR 05/09/2020 14:49:18 ----------

---------- DEMARRAGE DU SERVEUR 05/09/2020 14:49:26 ----------

---------- DEMARRAGE DU SERVEUR 05/09/2020 14:49:29 ----------

---------- DEMARRAGE DU SERVEUR 05/09/2020 14:49:34 ----------

---------- DEMARRAGE DU SERVEUR 05/09/2020 14:49:52 ----------

---------- DEMARRAGE DU SERVEUR 05/09/2020 14:57:55 ----------

---------- DEMARRAGE DU SERVEUR 05/09/2020 14:58:14 ----------

---------- DEMARRAGE DU SERVEUR 05/09/2020 14:58:28 ----------

---------- DEMARRAGE DU SERVEUR 05/09/2020 14:58:40 ----------

---------- DEMARRAGE DU SERVEUR 05/09/2020 14:58:48 ----------

---------- DEMARRAGE DU SERVEUR 05/09/2020 15:02:28 ----------

---------- DEMARRAGE DU SERVEUR 05/09/2020 15:03:03 ----------

---------- DEMARRAGE DU SERVEUR 05/09/2020 15:04:00 ----------

---------- DEMARRAGE DU SERVEUR 05/09/2020 15:04:24 ----------

---------- DEMARRAGE DU SERVEUR 05/09/2020 15:04:55 ----------

---------- DEMARRAGE DU SERVEUR 05/09/2020 15:04:59 ----------

---------- DEMARRAGE DU SERVEUR 05/09/2020 15:05:17 ----------

---------- DEMARRAGE DU SERVEUR 05/09/2020 15:05:55 ----------

---------- DEMARRAGE DU SERVEUR 05/09/2020 15:06:20 ----------

---------- DEMARRAGE DU SERVEUR 05/09/2020 15:06:30 ----------

---------- DEMARRAGE DU SERVEUR 05/09/2020 15:07:23 ----------

---------- DEMARRAGE DU SERVEUR 05/09/2020 15:08:02 ----------

---------- DEMARRAGE DU SERVEUR 05/09/2020 15:09:54 ----------

---------- DEMARRAGE DU SERVEUR 05/09/2020 15:12:54 ----------

---------- DEMARRAGE DU SERVEUR 05/09/2020 15:13:43 ----------
05/09/2020 15:13:48 [Login.exists] ERR_NOT_FOUND_DATA : email

---------- DEMARRAGE DU SERVEUR 05/09/2020 15:17:30 ----------

---------- DEMARRAGE DU SERVEUR 05/09/2020 15:18:30 ----------

---------- DEMARRAGE DU SERVEUR 05/09/2020 15:18:54 ----------

---------- DEMARRAGE DU SERVEUR 05/09/2020 15:19:17 ----------

---------- DEMARRAGE DU SERVEUR 05/09/2020 15:19:49 ----------

---------- DEMARRAGE DU SERVEUR 05/09/2020 15:20:44 ----------

---------- DEMARRAGE DU SERVEUR 05/09/2020 15:21:17 ----------

---------- DEMARRAGE DU SERVEUR 05/09/2020 15:21:34 ----------

---------- DEMARRAGE DU SERVEUR 05/09/2020 15:21:45 ----------

---------- DEMARRAGE DU SERVEUR 05/09/2020 15:21:54 ----------

---------- DEMARRAGE DU SERVEUR 05/09/2020 15:22:08 ----------

---------- DEMARRAGE DU SERVEUR 05/09/2020 15:22:11 ----------

---------- DEMARRAGE DU SERVEUR 05/09/2020 15:22:14 ----------

---------- DEMARRAGE DU SERVEUR 05/09/2020 15:23:06 ----------

---------- DEMARRAGE DU SERVEUR 05/09/2020 15:23:32 ----------

---------- DEMARRAGE DU SERVEUR 05/09/2020 15:24:00 ----------
05/09/2020 15:24:01 [Login.exists] ERR_NOT_FOUND_DATA : password

---------- DEMARRAGE DU SERVEUR 05/09/2020 15:24:52 ----------

---------- DEMARRAGE DU SERVEUR 05/09/2020 15:25:49 ----------
05/09/2020 15:25:53 [Login.exists] User(11) found with good email and password
05/09/2020 15:25:54 [SQLError] ER_BAD_NULL_ERROR
                               Column 'id' cannot be null
05/09/2020 15:26:25 [Login.exists] User(11) found with good email and password
05/09/2020 15:26:25 [SQLError] ER_BAD_NULL_ERROR
                               Column 'id' cannot be null

---------- DEMARRAGE DU SERVEUR 05/09/2020 15:27:48 ----------
05/09/2020 15:27:51 [Login.exists] User(11) found with good email and password
05/09/2020 15:27:51 [SQLError] ER_BAD_NULL_ERROR
                               Column 'id' cannot be null
05/09/2020 15:27:57 [Login.exists] User(11) found with good email and password
05/09/2020 15:27:57 [SQLError] ER_BAD_NULL_ERROR
                               Column 'id' cannot be null
05/09/2020 15:28:09 [Login.exists] User(11) found with good email and password
05/09/2020 15:28:09 [SQLError] ER_BAD_NULL_ERROR
                               Column 'id' cannot be null

---------- DEMARRAGE DU SERVEUR 05/09/2020 15:28:31 ----------
05/09/2020 15:28:33 [Login.exists] User(11) found with good email and password
05/09/2020 15:28:33 [SQLError] ER_BAD_NULL_ERROR
                               Column 'id' cannot be null

---------- DEMARRAGE DU SERVEUR 05/09/2020 15:29:01 ----------
05/09/2020 15:29:03 [Login.exists] User(11) found with good email and password

---------- DEMARRAGE DU SERVEUR 05/09/2020 15:30:39 ----------
05/09/2020 15:30:47 [Login.exists] User(11) found with good email and password

---------- DEMARRAGE DU SERVEUR 05/09/2020 15:31:14 ----------
05/09/2020 15:31:18 [Login.exists] User(11) found with good email and password

---------- DEMARRAGE DU SERVEUR 05/09/2020 15:32:07 ----------
05/09/2020 15:32:09 [Login.exists] User(11) found with good email and password
05/09/2020 15:32:09 [GENERAL INFO] Connected user with uuid : e768347b-4c3d-4e70-bec0-bbdaab51d6f4 and expire date : 1599319929657

---------- DEMARRAGE DU SERVEUR 05/09/2020 15:37:35 ----------
05/09/2020 15:37:47 [Login.exists] User(11) found with good email and password
05/09/2020 15:37:47 [GENERAL INFO] Connected user with uuid : a482985f-46a7-49bd-9023-fb57ca87e6e8 and expire date : 1599320267728
05/09/2020 15:37:51 [userInfo] ERR_NOT_FOUND_DATA
05/09/2020 15:39:33 [userInfo] ERR_NOT_FOUND_DATA
05/09/2020 15:39:42 [userInfo] ERR_NOT_FOUND_DATA
05/09/2020 15:39:46 [userInfo] ERR_NOT_FOUND_DATA
